
> blizz-mvp-v4-mobile@0.9.0 web
> expo start --web

Starting project at D:\blizz_mvp_v4_page23_search\mobile
Starting Metro Bundler

Waiting on http://localhost:8081
3 packages may need updating. Run npx expo install --check for details.
Logs for your project will appear below.
Web Bundled 9295ms index.js (284 modules)
Web  INFO  %cDownload the React DevTools for a better development experience: https://react.dev/link/react-devtools font-weight:bold
Web  WARN  "textShadow*" style props are deprecated. Use "textShadow".
Web  LOG  Running application "main" with appParams:
 {"hydrate": undefined, "rootTag": "#root"} 
Development-level warnings: ON.
Performance optimizations: OFF.
Web Bundled 22ms index.js (1 module)
Web  INFO  %cDownload the React DevTools for a better development experience: https://react.dev/link/react-devtools font-weight:bold
Web  WARN  "textShadow*" style props are deprecated. Use "textShadow".
Web  LOG  Running application "main" with appParams:
 {"hydrate": undefined, "rootTag": "#root"} 
Development-level warnings: ON.
Performance optimizations: OFF.
Web Bundled 21ms index.js (1 module)
Web  INFO  %cDownload the React DevTools for a better development experience: https://react.dev/link/react-devtools font-weight:bold
Web  WARN  "textShadow*" style props are deprecated. Use "textShadow".
Web  LOG  Running application "main" with appParams:
 {"hydrate": undefined, "rootTag": "#root"} 
Development-level warnings: ON.
Performance optimizations: OFF.
Web Bundled 21ms index.js (1 module)
Web  INFO  %cDownload the React DevTools for a better development experience: https://react.dev/link/react-devtools font-weight:bold
Web  WARN  "textShadow*" style props are deprecated. Use "textShadow".
Web  LOG  Running application "main" with appParams:
 {"hydrate": undefined, "rootTag": "#root"} 
Development-level warnings: ON.
Performance optimizations: OFF.
Web Bundled 23ms index.js (1 module)
Web  INFO  %cDownload the React DevTools for a better development experience: https://react.dev/link/react-devtools font-weight:bold
Web  WARN  "textShadow*" style props are deprecated. Use "textShadow".
Web  LOG  Running application "main" with appParams:
 {"hydrate": undefined, "rootTag": "#root"} 
Development-level warnings: ON.
Performance optimizations: OFF.
Web Bundled 21ms index.js (1 module)
Web  INFO  %cDownload the React DevTools for a better development experience: https://react.dev/link/react-devtools font-weight:bold
Web  WARN  "textShadow*" style props are deprecated. Use "textShadow".
Web  LOG  Running application "main" with appParams:
 {"hydrate": undefined, "rootTag": "#root"} 
Development-level warnings: ON.
Performance optimizations: OFF.
Web Bundled 60ms index.js (1 module)
Web  INFO  %cDownload the React DevTools for a better development experience: https://react.dev/link/react-devtools font-weight:bold
Web  WARN  "textShadow*" style props are deprecated. Use "textShadow".
Web  LOG  Running application "main" with appParams:
 {"hydrate": undefined, "rootTag": "#root"} 
Development-level warnings: ON.
Performance optimizations: OFF.
Web Bundled 1096ms index.js (1 module)
Web  INFO  %cDownload the React DevTools for a better development experience: https://react.dev/link/react-devtools font-weight:bold
Web  WARN  "textShadow*" style props are deprecated. Use "textShadow".
Web  LOG  Running application "main" with appParams:
 {"hydrate": undefined, "rootTag": "#root"} 
Development-level warnings: ON.
Performance optimizations: OFF.
Web Bundled 682ms index.js (1 module)
Web  INFO  %cDownload the React DevTools for a better development experience: https://react.dev/link/react-devtools font-weight:bold
Web  WARN  "textShadow*" style props are deprecated. Use "textShadow".
Web  LOG  Running application "main" with appParams:
 {"hydrate": undefined, "rootTag": "#root"} 
Development-level warnings: ON.
Performance optimizations: OFF.
Web Bundled 599ms index.js (1 module)
Web  INFO  %cDownload the React DevTools for a better development experience: https://react.dev/link/react-devtools font-weight:bold
Web  WARN  "textShadow*" style props are deprecated. Use "textShadow".
Web  LOG  Running application "main" with appParams:
 {"hydrate": undefined, "rootTag": "#root"} 
Development-level warnings: ON.
Performance optimizations: OFF.
Web  WARN  props.pointerEvents is deprecated. Use style.pointerEvents
Web  WARN  "shadow*" style props are deprecated. Use "boxShadow".
Web Bundled 38ms index.js (1 module)
Web  INFO  %cDownload the React DevTools for a better development experience: https://react.dev/link/react-devtools font-weight:bold
Web  WARN  "shadow*" style props are deprecated. Use "boxShadow".
Web  WARN  "textShadow*" style props are deprecated. Use "textShadow".
Web  LOG  Running application "main" with appParams:
 {"hydrate": undefined, "rootTag": "#root"} 
Development-level warnings: ON.
Performance optimizations: OFF.
Web Bundled 844ms index.js (1 module)
Web  INFO  %cDownload the React DevTools for a better development experience: https://react.dev/link/react-devtools font-weight:bold
Web  WARN  "shadow*" style props are deprecated. Use "boxShadow".
Web  WARN  "textShadow*" style props are deprecated. Use "textShadow".
Web  LOG  Running application "main" with appParams:
 {"hydrate": undefined, "rootTag": "#root"} 
Development-level warnings: ON.
Performance optimizations: OFF.
Web Bundled 794ms index.js (1 module)
Web  INFO  %cDownload the React DevTools for a better development experience: https://react.dev/link/react-devtools font-weight:bold
Web  WARN  "shadow*" style props are deprecated. Use "boxShadow".
Web  WARN  "textShadow*" style props are deprecated. Use "textShadow".
Web  LOG  Running application "main" with appParams:
 {"hydrate": undefined, "rootTag": "#root"} 
Development-level warnings: ON.
Performance optimizations: OFF.
Web Bundled 625ms index.js (1 module)
Web  INFO  %cDownload the React DevTools for a better development experience: https://react.dev/link/react-devtools font-weight:bold
Web  WARN  "shadow*" style props are deprecated. Use "boxShadow".
Web  WARN  "textShadow*" style props are deprecated. Use "textShadow".
Web  LOG  Running application "main" with appParams:
 {"hydrate": undefined, "rootTag": "#root"} 
Development-level warnings: ON.
Performance optimizations: OFF.
Web Bundled 216ms index.js (1 module)
Web  INFO  %cDownload the React DevTools for a better development experience: https://react.dev/link/react-devtools font-weight:bold
Web  WARN  "shadow*" style props are deprecated. Use "boxShadow".
Web  WARN  "textShadow*" style props are deprecated. Use "textShadow".
Web  LOG  Running application "main" with appParams:
 {"hydrate": undefined, "rootTag": "#root"} 
Development-level warnings: ON.
Performance optimizations: OFF.
Web Bundled 199ms index.js (1 module)
Web  INFO  %cDownload the React DevTools for a better development experience: https://react.dev/link/react-devtools font-weight:bold
Web  WARN  "shadow*" style props are deprecated. Use "boxShadow".
Web  WARN  "textShadow*" style props are deprecated. Use "textShadow".
Web  LOG  Running application "main" with appParams:
 {"hydrate": undefined, "rootTag": "#root"} 
Development-level warnings: ON.
Performance optimizations: OFF.
Web Bundled 45ms index.js (1 module)
Web  INFO  %cDownload the React DevTools for a better development experience: https://react.dev/link/react-devtools font-weight:bold
Web  WARN  "shadow*" style props are deprecated. Use "boxShadow".
Web  WARN  "textShadow*" style props are deprecated. Use "textShadow".
Web  LOG  Running application "main" with appParams:
 {"hydrate": undefined, "rootTag": "#root"} 
Development-level warnings: ON.
Performance optimizations: OFF.
Web Bundled 63ms index.js (1 module)
Web  INFO  %cDownload the React DevTools for a better development experience: https://react.dev/link/react-devtools font-weight:bold
Web  WARN  "shadow*" style props are deprecated. Use "boxShadow".
Web  WARN  "textShadow*" style props are deprecated. Use "textShadow".
Web  LOG  Running application "main" with appParams:
 {"hydrate": undefined, "rootTag": "#root"} 
Development-level warnings: ON.
Performance optimizations: OFF.
Web Bundled 36ms index.js (1 module)
Web  INFO  %cDownload the React DevTools for a better development experience: https://react.dev/link/react-devtools font-weight:bold
Web  WARN  "shadow*" style props are deprecated. Use "boxShadow".
Web  WARN  "textShadow*" style props are deprecated. Use "textShadow".
Web  LOG  Running application "main" with appParams:
 {"hydrate": undefined, "rootTag": "#root"} 
Development-level warnings: ON.
Performance optimizations: OFF.
Web Bundled 22ms index.js (1 module)
Web  INFO  %cDownload the React DevTools for a better development experience: https://react.dev/link/react-devtools font-weight:bold
Web  WARN  "shadow*" style props are deprecated. Use "boxShadow".
Web  WARN  "textShadow*" style props are deprecated. Use "textShadow".
Web  LOG  Running application "main" with appParams:
 {"hydrate": undefined, "rootTag": "#root"} 
Development-level warnings: ON.
Performance optimizations: OFF.
Unable to resolve "react-native-svg" from "src\shared\ui\BlizzIcon.tsx"
[0m[31m[1m>[22m[39m[90m 1 |[39m [36mimport[39m [33mSvg[39m[33m,[39m { [33mCircle[39m[33m,[39m [33mPath[39m[33m,[39m [33mRect[39m } [36mfrom[39m [32m'react-native-svg'[39m[33m;[39m
 [90m   |[39m                                          [31m[1m^[22m[39m
 [90m 2 |[39m
 [90m 3 |[39m type [33mBlizzIconName[39m [33m=[39m [32m'smartphone'[39m [33m|[39m [32m'lock'[39m [33m|[39m [32m'eye'[39m [33m|[39m [32m'eyeOff'[39m[33m;[39m
 [90m 4 |[39m[0m

Import stack:

 src\shared\ui\BlizzIcon.tsx
 | import "react-native-svg"

 src\features\auth\screens\AuthScreen.tsx
 | import "../../../shared/ui/BlizzIcon"

 src\core\AppRoot.tsx
 | import "../features/auth/screens/AuthScreen"

 App.tsx
 | import "./src/core/AppRoot"

 index.js
 | import "./App"

 
 | import "./index"

Web  ERROR  [UnableToResolveError: Unable to resolve module react-native-svg from D:\blizz_mvp_v4_page23_search\mobile\src\shared\ui\BlizzIcon.tsx: react-native-svg could not be found within the project or in these directories:
  node_modules
> 1 | import Svg, { Circle, Path, Rect } from 'react-native-svg';
    |                                          ^
  2 |
  3 | type BlizzIconName = 'smartphone' | 'lock' | 'eye' | 'eyeOff';
  4 |]
Unable to resolve "react-native-svg" from "src\shared\ui\BlizzIcon.tsx"
[0m[31m[1m>[22m[39m[90m 1 |[39m [36mimport[39m [33mSvg[39m[33m,[39m { [33mCircle[39m[33m,[39m [33mPath[39m[33m,[39m [33mRect[39m } [36mfrom[39m [32m'react-native-svg'[39m[33m;[39m
 [90m   |[39m                                          [31m[1m^[22m[39m
 [90m 2 |[39m
 [90m 3 |[39m type [33mBlizzIconName[39m [33m=[39m [32m'smartphone'[39m [33m|[39m [32m'lock'[39m [33m|[39m [32m'eye'[39m [33m|[39m [32m'eyeOff'[39m[33m;[39m
 [90m 4 |[39m[0m

Import stack:

 src\shared\ui\BlizzIcon.tsx
 | import "react-native-svg"

 src\features\auth\screens\AuthScreen.tsx
 | import "../../../shared/ui/BlizzIcon"

 src\core\AppRoot.tsx
 | import "../features/auth/screens/AuthScreen"

 App.tsx
 | import "./src/core/AppRoot"

 index.js
 | import "./App"

 
 | import "./index"

Web  ERROR  [UnableToResolveError: Unable to resolve module react-native-svg from D:\blizz_mvp_v4_page23_search\mobile\src\shared\ui\BlizzIcon.tsx: react-native-svg could not be found within the project or in these directories:
  node_modules
> 1 | import Svg, { Circle, Path, Rect } from 'react-native-svg';
    |                                          ^
  2 |
  3 | type BlizzIconName = 'smartphone' | 'lock' | 'eye' | 'eyeOff';
  4 |]
Unable to resolve "react-native-svg" from "src\shared\ui\BlizzIcon.tsx"
[0m[31m[1m>[22m[39m[90m 1 |[39m [36mimport[39m [33mSvg[39m[33m,[39m { [33mCircle[39m[33m,[39m [33mPath[39m[33m,[39m [33mRect[39m } [36mfrom[39m [32m'react-native-svg'[39m[33m;[39m
 [90m   |[39m                                          [31m[1m^[22m[39m
 [90m 2 |[39m
 [90m 3 |[39m type [33mBlizzIconName[39m [33m=[39m [32m'smartphone'[39m [33m|[39m [32m'lock'[39m [33m|[39m [32m'eye'[39m [33m|[39m [32m'eyeOff'[39m[33m;[39m
 [90m 4 |[39m[0m

Import stack:

 src\shared\ui\BlizzIcon.tsx
 | import "react-native-svg"

 src\features\auth\screens\AuthScreen.tsx
 | import "../../../shared/ui/BlizzIcon"

 src\core\AppRoot.tsx
 | import "../features/auth/screens/AuthScreen"

 App.tsx
 | import "./src/core/AppRoot"

 index.js
 | import "./App"

 
 | import "./index"

Web  ERROR  [UnableToResolveError: Unable to resolve module react-native-svg from D:\blizz_mvp_v4_page23_search\mobile\src\shared\ui\BlizzIcon.tsx: react-native-svg could not be found within the project or in these directories:
  node_modules
> 1 | import Svg, { Circle, Path, Rect } from 'react-native-svg';
    |                                          ^
  2 |
  3 | type BlizzIconName = 'smartphone' | 'lock' | 'eye' | 'eyeOff';
  4 |]
Web Bundling failed 60ms index.js (1 module)
Unable to resolve "react-native-svg" from "src\shared\ui\BlizzIcon.tsx"
[0m[31m[1m>[22m[39m[90m 1 |[39m [36mimport[39m [33mSvg[39m[33m,[39m { [33mCircle[39m[33m,[39m [33mPath[39m[33m,[39m [33mRect[39m } [36mfrom[39m [32m'react-native-svg'[39m[33m;[39m
 [90m   |[39m                                          [31m[1m^[22m[39m
 [90m 2 |[39m
 [90m 3 |[39m type [33mBlizzIconName[39m [33m=[39m [32m'smartphone'[39m [33m|[39m [32m'lock'[39m [33m|[39m [32m'eye'[39m [33m|[39m [32m'eyeOff'[39m[33m;[39m
 [90m 4 |[39m[0m

Import stack:

 src\shared\ui\BlizzIcon.tsx
 | import "react-native-svg"

 src\features\auth\screens\AuthScreen.tsx
 | import "../../../shared/ui/BlizzIcon"

 src\core\AppRoot.tsx
 | import "../features/auth/screens/AuthScreen"

 App.tsx
 | import "./src/core/AppRoot"

 index.js
 | import "./App"

 
 | import "./index"

Web Bundling failed 122ms index.js (1 module)
Unable to resolve "react-native-svg" from "src\shared\ui\BlizzIcon.tsx"
[0m[31m[1m>[22m[39m[90m 1 |[39m [36mimport[39m [33mSvg[39m[33m,[39m { [33mCircle[39m[33m,[39m [33mPath[39m[33m,[39m [33mRect[39m } [36mfrom[39m [32m'react-native-svg'[39m[33m;[39m
 [90m   |[39m                                          [31m[1m^[22m[39m
 [90m 2 |[39m
 [90m 3 |[39m type [33mBlizzIconName[39m [33m=[39m [32m'smartphone'[39m [33m|[39m [32m'lock'[39m [33m|[39m [32m'eye'[39m [33m|[39m [32m'eyeOff'[39m[33m;[39m
 [90m 4 |[39m[0m

Import stack:

 src\shared\ui\BlizzIcon.tsx
 | import "react-native-svg"

 src\features\auth\screens\AuthScreen.tsx
 | import "../../../shared/ui/BlizzIcon"

 src\core\AppRoot.tsx
 | import "../features/auth/screens/AuthScreen"

 App.tsx
 | import "./src/core/AppRoot"

 index.js
 | import "./App"

 
 | import "./index"

Web Bundling failed 50ms index.js (1 module)
Unable to resolve "react-native-svg" from "src\shared\ui\BlizzIcon.tsx"
[0m[31m[1m>[22m[39m[90m 1 |[39m [36mimport[39m [33mSvg[39m[33m,[39m { [33mCircle[39m[33m,[39m [33mPath[39m[33m,[39m [33mRect[39m } [36mfrom[39m [32m'react-native-svg'[39m[33m;[39m
 [90m   |[39m                                          [31m[1m^[22m[39m
 [90m 2 |[39m
 [90m 3 |[39m type [33mBlizzIconName[39m [33m=[39m [32m'smartphone'[39m [33m|[39m [32m'lock'[39m [33m|[39m [32m'eye'[39m [33m|[39m [32m'eyeOff'[39m[33m;[39m
 [90m 4 |[39m[0m

Import stack:

 src\shared\ui\BlizzIcon.tsx
 | import "react-native-svg"

 src\features\auth\screens\AuthScreen.tsx
 | import "../../../shared/ui/BlizzIcon"

 src\core\AppRoot.tsx
 | import "../features/auth/screens/AuthScreen"

 App.tsx
 | import "./src/core/AppRoot"

 index.js
 | import "./App"

 
 | import "./index"

Web Bundling failed 65ms index.js (1 module)
Unable to resolve "react-native-svg" from "src\shared\ui\BlizzIcon.tsx"
[0m[31m[1m>[22m[39m[90m 1 |[39m [36mimport[39m [33mSvg[39m[33m,[39m { [33mCircle[39m[33m,[39m [33mPath[39m[33m,[39m [33mRect[39m } [36mfrom[39m [32m'react-native-svg'[39m[33m;[39m
 [90m   |[39m                                          [31m[1m^[22m[39m
 [90m 2 |[39m
 [90m 3 |[39m type [33mBlizzIconName[39m [33m=[39m [32m'smartphone'[39m [33m|[39m [32m'lock'[39m [33m|[39m [32m'eye'[39m [33m|[39m [32m'eyeOff'[39m[33m;[39m
 [90m 4 |[39m[0m

Import stack:

 src\shared\ui\BlizzIcon.tsx
 | import "react-native-svg"

 src\features\auth\screens\AuthScreen.tsx
 | import "../../../shared/ui/BlizzIcon"

 src\core\AppRoot.tsx
 | import "../features/auth/screens/AuthScreen"

 App.tsx
 | import "./src/core/AppRoot"

 index.js
 | import "./App"

 
 | import "./index"

Web Bundling failed 78ms index.js (1 module)
Unable to resolve "react-native-svg" from "src\shared\ui\BlizzIcon.tsx"
[0m[31m[1m>[22m[39m[90m 1 |[39m [36mimport[39m [33mSvg[39m[33m,[39m { [33mCircle[39m[33m,[39m [33mPath[39m[33m,[39m [33mRect[39m } [36mfrom[39m [32m'react-native-svg'[39m[33m;[39m
 [90m   |[39m                                          [31m[1m^[22m[39m
 [90m 2 |[39m
 [90m 3 |[39m type [33mBlizzIconName[39m [33m=[39m [32m'smartphone'[39m [33m|[39m [32m'lock'[39m [33m|[39m [32m'eye'[39m [33m|[39m [32m'eyeOff'[39m[33m;[39m
 [90m 4 |[39m[0m

Import stack:

 src\shared\ui\BlizzIcon.tsx
 | import "react-native-svg"

 src\features\auth\screens\AuthScreen.tsx
 | import "../../../shared/ui/BlizzIcon"

 src\core\AppRoot.tsx
 | import "../features/auth/screens/AuthScreen"

 App.tsx
 | import "./src/core/AppRoot"

 index.js
 | import "./App"

 
 | import "./index"

Web Bundling failed 88ms index.js (1 module)
Unable to resolve "react-native-svg" from "src\shared\ui\BlizzIcon.tsx"
[0m[31m[1m>[22m[39m[90m 1 |[39m [36mimport[39m [33mSvg[39m[33m,[39m { [33mCircle[39m[33m,[39m [33mPath[39m[33m,[39m [33mRect[39m } [36mfrom[39m [32m'react-native-svg'[39m[33m;[39m
 [90m   |[39m                                          [31m[1m^[22m[39m
 [90m 2 |[39m
 [90m 3 |[39m type [33mBlizzIconName[39m [33m=[39m [32m'smartphone'[39m [33m|[39m [32m'lock'[39m [33m|[39m [32m'eye'[39m [33m|[39m [32m'eyeOff'[39m[33m;[39m
 [90m 4 |[39m[0m

Import stack:

 src\shared\ui\BlizzIcon.tsx
 | import "react-native-svg"

 src\features\auth\screens\AuthScreen.tsx
 | import "../../../shared/ui/BlizzIcon"

 src\core\AppRoot.tsx
 | import "../features/auth/screens/AuthScreen"

 App.tsx
 | import "./src/core/AppRoot"

 index.js
 | import "./App"

 
 | import "./index"

Web Bundling failed 135ms index.js (1 module)
Unable to resolve "react-native-svg" from "src\shared\ui\BlizzIcon.tsx"
[0m[31m[1m>[22m[39m[90m 1 |[39m [36mimport[39m [33mSvg[39m[33m,[39m { [33mCircle[39m[33m,[39m [33mPath[39m[33m,[39m [33mRect[39m } [36mfrom[39m [32m'react-native-svg'[39m[33m;[39m
 [90m   |[39m                                          [31m[1m^[22m[39m
 [90m 2 |[39m
 [90m 3 |[39m type [33mBlizzIconName[39m [33m=[39m [32m'smartphone'[39m [33m|[39m [32m'lock'[39m [33m|[39m [32m'eye'[39m [33m|[39m [32m'eyeOff'[39m[33m;[39m
 [90m 4 |[39m[0m

Import stack:

 src\shared\ui\BlizzIcon.tsx
 | import "react-native-svg"

 src\features\auth\screens\AuthScreen.tsx
 | import "../../../shared/ui/BlizzIcon"

 src\core\AppRoot.tsx
 | import "../features/auth/screens/AuthScreen"

 App.tsx
 | import "./src/core/AppRoot"

 index.js
 | import "./App"

 
 | import "./index"

Web Bundling failed 98ms index.js (1 module)
Unable to resolve "react-native-svg" from "src\shared\ui\BlizzIcon.tsx"
[0m[31m[1m>[22m[39m[90m 1 |[39m [36mimport[39m [33mSvg[39m[33m,[39m { [33mCircle[39m[33m,[39m [33mPath[39m[33m,[39m [33mRect[39m } [36mfrom[39m [32m'react-native-svg'[39m[33m;[39m
 [90m   |[39m                                          [31m[1m^[22m[39m
 [90m 2 |[39m
 [90m 3 |[39m type [33mBlizzIconName[39m [33m=[39m [32m'smartphone'[39m [33m|[39m [32m'lock'[39m [33m|[39m [32m'eye'[39m [33m|[39m [32m'eyeOff'[39m[33m;[39m
 [90m 4 |[39m[0m

Import stack:

 src\shared\ui\BlizzIcon.tsx
 | import "react-native-svg"

 src\features\auth\screens\AuthScreen.tsx
 | import "../../../shared/ui/BlizzIcon"

 src\core\AppRoot.tsx
 | import "../features/auth/screens/AuthScreen"

 App.tsx
 | import "./src/core/AppRoot"

 index.js
 | import "./App"

 
 | import "./index"

Web Bundling failed 402ms index.js (1 module)
Unable to resolve "react-native-svg" from "src\shared\ui\BlizzIcon.tsx"
[0m[31m[1m>[22m[39m[90m 1 |[39m [36mimport[39m [33mSvg[39m[33m,[39m { [33mCircle[39m[33m,[39m [33mPath[39m[33m,[39m [33mRect[39m } [36mfrom[39m [32m'react-native-svg'[39m[33m;[39m
 [90m   |[39m                                          [31m[1m^[22m[39m
 [90m 2 |[39m
 [90m 3 |[39m type [33mBlizzIconName[39m [33m=[39m [32m'smartphone'[39m [33m|[39m [32m'lock'[39m [33m|[39m [32m'eye'[39m [33m|[39m [32m'eyeOff'[39m[33m;[39m
 [90m 4 |[39m[0m

Import stack:

 src\shared\ui\BlizzIcon.tsx
 | import "react-native-svg"

 src\features\auth\screens\AuthScreen.tsx
 | import "../../../shared/ui/BlizzIcon"

 src\core\AppRoot.tsx
 | import "../features/auth/screens/AuthScreen"

 App.tsx
 | import "./src/core/AppRoot"

 index.js
 | import "./App"

 
 | import "./index"

Web Bundling failed 119ms index.js (1 module)
Unable to resolve "react-native-svg" from "src\shared\ui\BlizzIcon.tsx"
[0m[31m[1m>[22m[39m[90m 1 |[39m [36mimport[39m [33mSvg[39m[33m,[39m { [33mCircle[39m[33m,[39m [33mPath[39m[33m,[39m [33mRect[39m } [36mfrom[39m [32m'react-native-svg'[39m[33m;[39m
 [90m   |[39m                                          [31m[1m^[22m[39m
 [90m 2 |[39m
 [90m 3 |[39m type [33mBlizzIconName[39m [33m=[39m [32m'smartphone'[39m [33m|[39m [32m'lock'[39m [33m|[39m [32m'eye'[39m [33m|[39m [32m'eyeOff'[39m[33m;[39m
 [90m 4 |[39m[0m

Import stack:

 src\shared\ui\BlizzIcon.tsx
 | import "react-native-svg"

 src\features\auth\screens\AuthScreen.tsx
 | import "../../../shared/ui/BlizzIcon"

 src\core\AppRoot.tsx
 | import "../features/auth/screens/AuthScreen"

 App.tsx
 | import "./src/core/AppRoot"

 index.js
 | import "./App"

 
 | import "./index"

