
> blizz-mvp-v4-server@0.9.0 dev
> node --watch src/server.js

Blizz server started on http://localhost:4000
Restarting 'src/server.js'
Blizz server started on http://localhost:4000
Restarting 'src/server.js'
Blizz server started on http://localhost:4000
Restarting 'src/server.js'
Blizz server started on http://localhost:4000
Restarting 'src/server.js'
Blizz server started on http://localhost:4000
Restarting 'src/server.js'
Blizz server started on http://localhost:4000
Restarting 'src/server.js'
Blizz server started on http://localhost:4000
Restarting 'src/server.js'
Blizz server started on http://localhost:4000
Restarting 'src/server.js'
Blizz server started on http://localhost:4000
Restarting 'src/server.js'
Blizz server started on http://localhost:4000
Restarting 'src/server.js'
Blizz server started on http://localhost:4000
Restarting 'src/server.js'
Blizz server started on http://localhost:4000
Restarting 'src/server.js'
Blizz server started on http://localhost:4000
Restarting 'src/server.js'
Blizz server started on http://localhost:4000
Restarting 'src/server.js'
Blizz server started on http://localhost:4000
Restarting 'src/server.js'
Blizz server started on http://localhost:4000
Restarting 'src/server.js'
Blizz server started on http://localhost:4000
Restarting 'src/server.js'
Blizz server started on http://localhost:4000
Restarting 'src/server.js'
Blizz server started on http://localhost:4000
Restarting 'src/server.js'
Blizz server started on http://localhost:4000
Restarting 'src/server.js'
Blizz server started on http://localhost:4000
Restarting 'src/server.js'
Blizz server started on http://localhost:4000
Restarting 'src/server.js'
Blizz server started on http://localhost:4000
Restarting 'src/server.js'
Blizz server started on http://localhost:4000
Restarting 'src/server.js'
Blizz server started on http://localhost:4000
Restarting 'src/server.js'
Blizz server started on http://localhost:4000
Restarting 'src/server.js'
Blizz server started on http://localhost:4000
Restarting 'src/server.js'
Blizz server started on http://localhost:4000
Restarting 'src/server.js'
Blizz server started on http://localhost:4000
Restarting 'src/server.js'
Blizz server started on http://localhost:4000
Failed running 'src/server.js'
