--- user.isBusiness in source ---
--- bottom tab Сообщения marker in MainTabs ---
--- Обновить in source ---
--- forbidden games in source ---
--- Meta/Threads/Edits paid subscriptions in settings source ---
--- follow routes ---
server/src/modules/follows/follows.service.js:59:    followers: active.filter((follow) => follow.followingAccountId === accountId).length,
server/src/modules/follows/follows.service.js:60:    following: active.filter((follow) => follow.followerAccountId === accountId).length,
server/src/modules/follows/follows.service.js:61:    requests: (state.follows || []).filter((follow) => follow.followingAccountId === accountId && follow.status === 'pending').length
server/src/modules/follows/follows.service.js:71:function getFollowRecord(state, followerAccountId, followingAccountId) {
server/src/modules/follows/follows.service.js:73:    return follow.followerAccountId === followerAccountId && follow.followingAccountId === followingAccountId;
server/src/modules/follows/follows.service.js:80:  if (!follow || follow.status === 'removed' || follow.status === 'declined') return 'not_following';
server/src/modules/follows/follows.service.js:82:  if (follow.status === 'active') return 'following';
server/src/modules/follows/follows.service.js:83:  return 'not_following';
server/src/modules/follows/follows.service.js:130:        followingAccountId: targetAccount.id,
server/src/modules/follows/follows.service.js:168:  const followers = acceptedFollows(state)
server/src/modules/follows/follows.service.js:169:    .filter((follow) => follow.followingAccountId === targetAccount.id)
server/src/modules/follows/follows.service.js:177:  return { account: publicAccount(state, targetAccount), followers };
server/src/modules/follows/follows.service.js:185:  const following = acceptedFollows(state)
server/src/modules/follows/follows.service.js:189:      const account = (state.accounts || []).find((item) => item.id === follow.followingAccountId && item.status !== 'archived');
server/src/modules/follows/follows.service.js:194:  return { account: publicAccount(state, targetAccount), following };
server/src/modules/follows/follows.service.js:201:    .filter((follow) => follow.followingAccountId === account.id && follow.status === 'pending')
server/src/modules/follows/follows.service.js:219:    if (request.followingAccountId !== account.id) {
server/src/modules/follows/follows.service.js:240:    if (request.followingAccountId !== account.id) {
server/src/modules/follows/follows.service.js:253:function isAcceptedFollower(state, followerAccountId, followingAccountId) {
server/src/modules/follows/follows.service.js:255:    return follow.followerAccountId === followerAccountId && follow.followingAccountId === followingAccountId && follow.status === 'active';
server/src/modules/follows/follows.service.js:266:  if (visibility === 'followers') return follows;
server/src/modules/follows/follows.routes.js:16:router.get('/accounts/:accountId/follow-state', requireSession, (req, res, next) => {
server/src/modules/follows/follows.routes.js:52:router.get('/accounts/:accountId/followers', requireSession, (req, res, next) => {
server/src/modules/follows/follows.routes.js:64:router.get('/accounts/:accountId/following', requireSession, (req, res, next) => {
server/src/modules/follows/follows.routes.js:76:router.get('/follow-requests', requireSession, (req, res, next) => {
server/src/modules/follows/follows.routes.js:87:router.post('/follow-requests/:requestId/accept', requireSession, (req, res, next) => {
server/src/modules/follows/follows.routes.js:99:router.post('/follow-requests/:requestId/decline', requireSession, (req, res, next) => {
mobile/src/screens/follows/FollowListScreen.tsx:9:  mode: 'followers' | 'following';
mobile/src/screens/follows/FollowListScreen.tsx:16:  const [title, setTitle] = useState(mode === 'followers' ? 'Подписчики' : 'Подписки');
mobile/src/screens/follows/FollowListScreen.tsx:26:      if (mode === 'followers') {
mobile/src/screens/follows/FollowListScreen.tsx:29:        setItems(response.followers);
mobile/src/screens/follows/FollowListScreen.tsx:33:        setItems(response.following);
mobile/src/screens/follows/FollowListScreen.tsx:100:            {mode === 'following' && accountId === auth.activeAccount.id ? (
mobile/src/features/follows/api/followsApi.ts:11:  return apiRequest<FollowStateResponse>(`/api/accounts/${accountId}/follow-state`, { token });
mobile/src/features/follows/api/followsApi.ts:29:  return apiRequest<FollowersResponse>(`/api/accounts/${accountId}/followers`, { token });
mobile/src/features/follows/api/followsApi.ts:33:  return apiRequest<FollowingResponse>(`/api/accounts/${accountId}/following`, { token });
mobile/src/features/follows/api/followsApi.ts:37:  return apiRequest<FollowRequestsResponse>('/api/follow-requests', { token });
mobile/src/features/follows/api/followsApi.ts:41:  return apiRequest<FollowRequestActionResponse>(`/api/follow-requests/${requestId}/accept`, {
mobile/src/features/follows/api/followsApi.ts:48:  return apiRequest<FollowRequestActionResponse>(`/api/follow-requests/${requestId}/decline`, {
